#
# There is insufficient memory for the Java Runtime Environment to continue.
# Native memory allocation (malloc) failed to allocate 1048576 bytes for AllocateHeap
# Possible reasons:
#   The system is out of physical RAM or swap space
#   In 32 bit mode, the process size limit was hit
# Possible solutions:
#   Reduce memory load on the system
#   Increase physical memory or swap space
#   Check if swap backing store is full
#   Use 64 bit Java on a 64 bit OS
#   Decrease Java heap size (-Xmx/-Xms)
#   Decrease number of Java threads
#   Decrease Java thread stack sizes (-Xss)
#   Set larger code cache with -XX:ReservedCodeCacheSize=
# This output file may be truncated or incomplete.
#
#  Out of Memory Error (memory/allocation.inline.hpp:61), pid=29044, tid=0x0000000000007b14
#
# JRE version:  (8.0_152-b01) (build )
# Java VM: OpenJDK 64-Bit Server VM (25.152-b01 mixed mode windows-amd64 compressed oops)
# Failed to write core dump. Minidumps are not enabled by default on client versions of Windows
#

---------------  T H R E A D  ---------------

Current thread (0x00000000026b9000):  JavaThread "Unknown thread" [_thread_in_vm, id=31508, stack(0x0000000002580000,0x0000000002680000)]

Stack: [0x0000000002580000,0x0000000002680000]
[error occurred during error reporting (printing stack bounds), id 0xc0000005]

Native frames: (J=compiled Java code, j=interpreted, Vv=VM code, C=native code)


---------------  P R O C E S S  ---------------

Java Threads: ( => current thread )

Other Threads:

=>0x00000000026b9000 (exited) JavaThread "Unknown thread" [_thread_in_vm, id=31508, stack(0x0000000002580000,0x0000000002680000)]

VM state:not at safepoint (normal execution)

VM Mutex/Monitor currently owned by a thread: None

Heap:
 PSYoungGen      total 18944K, used 327K [0x00000000feb00000, 0x0000000100000000, 0x0000000100000000)
  eden space 16384K, 2% used [0x00000000feb00000,0x00000000feb51ec8,0x00000000ffb00000)
  from space 2560K, 0% used [0x00000000ffd80000,0x00000000ffd80000,0x0000000100000000)
  to   space 2560K, 0% used [0x00000000ffb00000,0x00000000ffb00000,0x00000000ffd80000)
 ParOldGen       total 44032K, used 0K [0x00000000fc000000, 0x00000000feb00000, 0x00000000feb00000)
  object space 44032K, 0% used [0x00000000fc000000,0x00000000fc000000,0x00000000feb00000)
 Metaspace       used 772K, capacity 4480K, committed 4480K, reserved 1056768K
  class space    used 73K, capacity 384K, committed 384K, reserved 1048576K

Card table byte_map: [0x0000000000b00000,0x0000000000b30000] byte_map_base: 0x0000000000320000

Marking Bits: (ParMarkBitMap*) 0x000000006ace3950
 Begin Bits: [0x0000000011f70000, 0x0000000012070000)
 End Bits:   [0x0000000012070000, 0x0000000012170000)

Polling page: 0x0000000000900000

CodeCache: size=245760Kb used=328Kb max_used=328Kb free=245431Kb
 bounds [0x00000000027b0000, 0x0000000002a20000, 0x00000000117b0000]
 total_blobs=57 nmethods=0 adapters=38
 compilation: enabled

Compilation events (0 events):
No events

GC Heap History (0 events):
No events

Deoptimization events (0 events):
No events

Classes redefined (0 events):
No events

Internal exceptions (0 events):
No events

Events (10 events):
Event: 0.456 loading class java/lang/Short
Event: 0.456 loading class java/lang/Short done
Event: 0.456 loading class java/lang/Integer
Event: 0.456 loading class java/lang/Integer done
Event: 0.456 loading class java/lang/Long
Event: 0.456 loading class java/lang/Long done
Event: 0.458 loading class java/lang/NullPointerException
Event: 0.458 loading class java/lang/NullPointerException done
Event: 0.458 loading class java/lang/ArithmeticException
Event: 0.458 loading class java/lang/ArithmeticException done


Dynamic libraries:
0x00007ff6d8930000 - 0x00007ff6d8961000 	C:\Program Files\Android\Android Studio\jre\bin\java.exe
0x00007fff94950000 - 0x00007fff94b31000 	C:\WINDOWS\SYSTEM32\ntdll.dll
0x00007fff87060000 - 0x00007fff87072000 	C:\Program Files\AVAST Software\Avast\aswhook.dll
0x00007fff946b0000 - 0x00007fff94761000 	C:\WINDOWS\System32\KERNEL32.DLL
0x00007fff91820000 - 0x00007fff91a93000 	C:\WINDOWS\System32\KERNELBASE.dll
0x00007fff944d0000 - 0x00007fff94571000 	C:\WINDOWS\System32\ADVAPI32.dll
0x00007fff928b0000 - 0x00007fff9294e000 	C:\WINDOWS\System32\msvcrt.dll
0x00007fff91df0000 - 0x00007fff91e4b000 	C:\WINDOWS\System32\sechost.dll
0x00007fff94770000 - 0x00007fff94894000 	C:\WINDOWS\System32\RPCRT4.dll
0x00007fff94170000 - 0x00007fff94300000 	C:\WINDOWS\System32\USER32.dll
0x00007fff915e0000 - 0x00007fff91600000 	C:\WINDOWS\System32\win32u.dll
0x00007fff940c0000 - 0x00007fff940e8000 	C:\WINDOWS\System32\GDI32.dll
0x00007fff91600000 - 0x00007fff91792000 	C:\WINDOWS\System32\gdi32full.dll
0x00007fff914e0000 - 0x00007fff9157f000 	C:\WINDOWS\System32\msvcp_win.dll
0x00007fff91ce0000 - 0x00007fff91dd8000 	C:\WINDOWS\System32\ucrtbase.dll
0x00007fff85450000 - 0x00007fff856b9000 	C:\WINDOWS\WinSxS\amd64_microsoft.windows.common-controls_6595b64144ccf1df_6.0.17134.706_none_fb43a2cb30647007\COMCTL32.dll
0x00007fff92370000 - 0x00007fff92692000 	C:\WINDOWS\System32\combase.dll
0x00007fff917a0000 - 0x00007fff9181a000 	C:\WINDOWS\System32\bcryptPrimitives.dll
0x00007fff94300000 - 0x00007fff9432d000 	C:\WINDOWS\System32\IMM32.DLL
0x000000006b1e0000 - 0x000000006b2b2000 	C:\Program Files\Android\Android Studio\jre\jre\bin\msvcr100.dll
0x000000006a520000 - 0x000000006ad5e000 	C:\Program Files\Android\Android Studio\jre\jre\bin\server\jvm.dll
0x00007fff92800000 - 0x00007fff92808000 	C:\WINDOWS\System32\PSAPI.DLL
0x00007fff8f850000 - 0x00007fff8f859000 	C:\WINDOWS\SYSTEM32\WSOCK32.dll
0x00007fff948a0000 - 0x00007fff9490c000 	C:\WINDOWS\System32\WS2_32.dll
0x00007fff8ea00000 - 0x00007fff8ea23000 	C:\WINDOWS\SYSTEM32\WINMM.dll
0x00007fff87700000 - 0x00007fff8770a000 	C:\WINDOWS\SYSTEM32\VERSION.dll
0x00007fff8e9d0000 - 0x00007fff8e9fa000 	C:\WINDOWS\SYSTEM32\WINMMBASE.dll
0x00007fff91aa0000 - 0x00007fff91ae9000 	C:\WINDOWS\System32\cfgmgr32.dll
0x00007fff88bb0000 - 0x00007fff88bbf000 	C:\Program Files\Android\Android Studio\jre\jre\bin\verify.dll
0x00007fff87ce0000 - 0x00007fff87d09000 	C:\Program Files\Android\Android Studio\jre\jre\bin\java.dll
0x00007fff86320000 - 0x00007fff86336000 	C:\Program Files\Android\Android Studio\jre\jre\bin\zip.dll

VM Arguments:
jvm_args: -Djava.awt.headless=true -Xmx64M -Dfile.encoding=windows-1252 -Duser.country=FR -Duser.language=fr -Duser.variant 
java_command: com.google.devtools.build.android.desugar.Desugar --input C:\Users\ASUS\Downloads\android-docs-samples-master (3)\android-docs-samples-master\speech\Speech\app\build\intermediates\transforms\stackFramesFixer\debug\16.jar --output C:\Users\ASUS\Downloads\android-docs-samples-master (3)\android-docs-samples-master\speech\Speech\app\build\intermediates\transforms\desugar\debug\17.jar --input C:\Users\ASUS\Downloads\android-docs-samples-master (3)\android-docs-samples-master\speech\Speech\app\build\intermediates\transforms\stackFramesFixer\debug\56.jar --output C:\Users\ASUS\Downloads\android-docs-samples-master (3)\android-docs-samples-master\speech\Speech\app\build\intermediates\transforms\desugar\debug\57.jar --input C:\Users\ASUS\Downloads\android-docs-samples-master (3)\android-docs-samples-master\speech\Speech\app\build\intermediates\transforms\stackFramesFixer\debug\19.jar --output C:\Users\ASUS\Downloads\android-docs-samples-master (3)\android-docs-samples-master\speech\Speech\app\build\intermediates\transforms\desugar\debug\20.jar --input C:\Users\ASUS\Downloads\android-docs-samples-master (3)\android-docs-samples-master\speech\Speech\app\build\intermediates\transforms\stackFramesFixer\debug\75.jar --output C:\Users\ASUS\Downloads\android-docs-samples-master (3)\android-docs-samples-master\speech\Speech\app\build\intermediates\transforms\desugar\debug\74.jar --input C:\Users\ASUS\Downloads\android-docs-samples-master (3)\android-docs-samples-master\speech\Speech\app\build\intermediates\transforms\stackFramesFixer\debug\1.jar --output C:\Users\ASUS\Downloads\android-docs-samples-master (3)\android-docs-samples-master\speech\Speech\app\build\intermediates\transforms\desugar\debug\2.jar --input C:\Users\ASUS\Downloads\android-docs-samples-master (3)\android-docs-samples-master\speech\Speech\app\build\intermediates\transforms\stackFramesFixer\debug\73.jar --output C:\Users\ASUS\Downloads\android-docs-samples-master (3)\android-docs-samples-master\sp
java_class_path (initial): C:\Users\ASUS\AppData\Local\Temp\desugar_deploy.jar1939024233252058026
Launcher Type: SUN_STANDARD

Environment Variables:
JAVA_HOME=C:\Program Files\Java\jdk1.8.0_181
USERNAME=ASUS
OS=Windows_NT
PROCESSOR_IDENTIFIER=Intel64 Family 6 Model 61 Stepping 4, GenuineIntel



---------------  S Y S T E M  ---------------

OS: Windows 10.0 , 64 bit Build 17134 (10.0.17134.706)

CPU:total 4 (initial active 4) (2 cores per cpu, 2 threads per core) family 6 model 61 stepping 4, cmov, cx8, fxsr, mmx, sse, sse2, sse3, ssse3, sse4.1, sse4.2, popcnt, avx, avx2, aes, clmul, erms, 3dnowpref, lzcnt, ht, tsc, tscinvbit, bmi1, bmi2, adx

Memory: 4k page, physical 8285544k(583228k free), swap 11357544k(4376k free)

vm_info: OpenJDK 64-Bit Server VM (25.152-b01) for windows-amd64 JRE (1.8.0_152-release-915-b01), built by "builder" with MS VC++ 10.0 (VS2010)

time: Wed May 08 13:03:11 2019
elapsed time: 1 seconds (0d 0h 0m 1s)

