#
# There is insufficient memory for the Java Runtime Environment to continue.
# Native memory allocation (malloc) failed to allocate 1048576 bytes for AllocateHeap
# Possible reasons:
#   The system is out of physical RAM or swap space
#   In 32 bit mode, the process size limit was hit
# Possible solutions:
#   Reduce memory load on the system
#   Increase physical memory or swap space
#   Check if swap backing store is full
#   Use 64 bit Java on a 64 bit OS
#   Decrease Java heap size (-Xmx/-Xms)
#   Decrease number of Java threads
#   Decrease Java thread stack sizes (-Xss)
#   Set larger code cache with -XX:ReservedCodeCacheSize=
# This output file may be truncated or incomplete.
#
#  Out of Memory Error (memory/allocation.inline.hpp:61), pid=2164, tid=0x0000000000002da4
#
# JRE version:  (8.0_152-b01) (build )
# Java VM: OpenJDK 64-Bit Server VM (25.152-b01 mixed mode windows-amd64 compressed oops)
# Failed to write core dump. Minidumps are not enabled by default on client versions of Windows
#

---------------  T H R E A D  ---------------

Current thread (0x000000000273a000):  JavaThread "Unknown thread" [_thread_in_vm, id=11684, stack(0x0000000002570000,0x0000000002670000)]

Stack: [0x0000000002570000,0x0000000002670000]
[error occurred during error reporting (printing stack bounds), id 0xc0000005]

Native frames: (J=compiled Java code, j=interpreted, Vv=VM code, C=native code)


---------------  P R O C E S S  ---------------

Java Threads: ( => current thread )

Other Threads:

=>0x000000000273a000 (exited) JavaThread "Unknown thread" [_thread_in_vm, id=11684, stack(0x0000000002570000,0x0000000002670000)]

VM state:not at safepoint (normal execution)

VM Mutex/Monitor currently owned by a thread: None

Heap:
 PSYoungGen      total 18944K, used 327K [0x00000000feb00000, 0x0000000100000000, 0x0000000100000000)
  eden space 16384K, 2% used [0x00000000feb00000,0x00000000feb51ec8,0x00000000ffb00000)
  from space 2560K, 0% used [0x00000000ffd80000,0x00000000ffd80000,0x0000000100000000)
  to   space 2560K, 0% used [0x00000000ffb00000,0x00000000ffb00000,0x00000000ffd80000)
 ParOldGen       total 44032K, used 0K [0x00000000fc000000, 0x00000000feb00000, 0x00000000feb00000)
  object space 44032K, 0% used [0x00000000fc000000,0x00000000fc000000,0x00000000feb00000)
 Metaspace       used 772K, capacity 4480K, committed 4480K, reserved 1056768K
  class space    used 73K, capacity 384K, committed 384K, reserved 1048576K

Card table byte_map: [0x00000000026a0000,0x00000000026d0000] byte_map_base: 0x0000000001ec0000

Marking Bits: (ParMarkBitMap*) 0x0000000073df3950
 Begin Bits: [0x0000000011ff0000, 0x00000000120f0000)
 End Bits:   [0x00000000120f0000, 0x00000000121f0000)

Polling page: 0x0000000002670000

CodeCache: size=245760Kb used=328Kb max_used=328Kb free=245431Kb
 bounds [0x0000000002830000, 0x0000000002aa0000, 0x0000000011830000]
 total_blobs=57 nmethods=0 adapters=38
 compilation: enabled

Compilation events (0 events):
No events

GC Heap History (0 events):
No events

Deoptimization events (0 events):
No events

Classes redefined (0 events):
No events

Internal exceptions (0 events):
No events

Events (10 events):
Event: 0.034 loading class java/lang/Short
Event: 0.034 loading class java/lang/Short done
Event: 0.034 loading class java/lang/Integer
Event: 0.035 loading class java/lang/Integer done
Event: 0.035 loading class java/lang/Long
Event: 0.035 loading class java/lang/Long done
Event: 0.036 loading class java/lang/NullPointerException
Event: 0.036 loading class java/lang/NullPointerException done
Event: 0.036 loading class java/lang/ArithmeticException
Event: 0.036 loading class java/lang/ArithmeticException done


Dynamic libraries:
0x00007ff70f7f0000 - 0x00007ff70f821000 	C:\Program Files\Android\Android Studio\jre\bin\java.exe
0x00007ff8ea6d0000 - 0x00007ff8ea8b1000 	C:\WINDOWS\SYSTEM32\ntdll.dll
0x00007ff8c1c00000 - 0x00007ff8c1c12000 	C:\Program Files\AVAST Software\Avast\aswhook.dll
0x00007ff8ea5e0000 - 0x00007ff8ea691000 	C:\WINDOWS\System32\KERNEL32.DLL
0x00007ff8e6aa0000 - 0x00007ff8e6d13000 	C:\WINDOWS\System32\KERNELBASE.dll
0x00007ff8e9d00000 - 0x00007ff8e9da1000 	C:\WINDOWS\System32\ADVAPI32.dll
0x00007ff8e7ef0000 - 0x00007ff8e7f8e000 	C:\WINDOWS\System32\msvcrt.dll
0x00007ff8e7e90000 - 0x00007ff8e7eeb000 	C:\WINDOWS\System32\sechost.dll
0x00007ff8e8010000 - 0x00007ff8e8134000 	C:\WINDOWS\System32\RPCRT4.dll
0x00007ff8e9b70000 - 0x00007ff8e9d00000 	C:\WINDOWS\System32\USER32.dll
0x00007ff8e7b40000 - 0x00007ff8e7b60000 	C:\WINDOWS\System32\win32u.dll
0x00007ff8e9e20000 - 0x00007ff8e9e48000 	C:\WINDOWS\System32\GDI32.dll
0x00007ff8e78c0000 - 0x00007ff8e7a52000 	C:\WINDOWS\System32\gdi32full.dll
0x00007ff8e6d20000 - 0x00007ff8e6dbf000 	C:\WINDOWS\System32\msvcp_win.dll
0x00007ff8e7060000 - 0x00007ff8e7158000 	C:\WINDOWS\System32\ucrtbase.dll
0x00007ff8d97c0000 - 0x00007ff8d9a29000 	C:\WINDOWS\WinSxS\amd64_microsoft.windows.common-controls_6595b64144ccf1df_6.0.17134.765_none_fb42a1a930655896\COMCTL32.dll
0x00007ff8e9e50000 - 0x00007ff8ea172000 	C:\WINDOWS\System32\combase.dll
0x00007ff8e7ac0000 - 0x00007ff8e7b3a000 	C:\WINDOWS\System32\bcryptPrimitives.dll
0x00007ff8e7b60000 - 0x00007ff8e7b8d000 	C:\WINDOWS\System32\IMM32.DLL
0x0000000073550000 - 0x0000000073622000 	C:\Program Files\Android\Android Studio\jre\jre\bin\msvcr100.dll
0x0000000073630000 - 0x0000000073e6e000 	C:\Program Files\Android\Android Studio\jre\jre\bin\server\jvm.dll
0x00007ff8ea5d0000 - 0x00007ff8ea5d8000 	C:\WINDOWS\System32\PSAPI.DLL
0x00007ff8e5610000 - 0x00007ff8e5619000 	C:\WINDOWS\SYSTEM32\WSOCK32.dll
0x00007ff8e9db0000 - 0x00007ff8e9e1c000 	C:\WINDOWS\System32\WS2_32.dll
0x00007ff8e27c0000 - 0x00007ff8e27e3000 	C:\WINDOWS\SYSTEM32\WINMM.dll
0x00007ff8dc7d0000 - 0x00007ff8dc7da000 	C:\WINDOWS\SYSTEM32\VERSION.dll
0x00007ff8e2cf0000 - 0x00007ff8e2d1a000 	C:\WINDOWS\SYSTEM32\WINMMBASE.dll
0x00007ff8e7160000 - 0x00007ff8e71a9000 	C:\WINDOWS\System32\cfgmgr32.dll
0x00007ff8dec80000 - 0x00007ff8dec8f000 	C:\Program Files\Android\Android Studio\jre\jre\bin\verify.dll
0x00007ff8d7da0000 - 0x00007ff8d7dc9000 	C:\Program Files\Android\Android Studio\jre\jre\bin\java.dll
0x00007ff8dde50000 - 0x00007ff8dde66000 	C:\Program Files\Android\Android Studio\jre\jre\bin\zip.dll

VM Arguments:
jvm_args: -Djava.awt.headless=true -Xmx64M -Dfile.encoding=windows-1252 -Duser.country=FR -Duser.language=fr -Duser.variant 
java_command: com.google.devtools.build.android.desugar.Desugar --input C:\Users\ASUS\Downloads\android-docs-samples-master (3)\android-docs-samples-master\speech\Speech\app\build\intermediates\tmp\desugar_changed5677313179411443722 --output C:\Users\ASUS\Downloads\android-docs-samples-master (3)\android-docs-samples-master\speech\Speech\app\build\intermediates\transforms\desugar\debug\0 --classpath_entry C:\Users\ASUS\Downloads\android-docs-samples-master (3)\android-docs-samples-master\speech\Speech\app\build\intermediates\classes\debug --classpath_entry C:\Users\ASUS\Downloads\android-docs-samples-master (3)\android-docs-samples-master\speech\Speech\app\build\intermediates\transforms\stackFramesFixer\debug\25.jar --classpath_entry C:\Users\ASUS\Downloads\android-docs-samples-master (3)\android-docs-samples-master\speech\Speech\app\build\intermediates\transforms\stackFramesFixer\debug\50.jar --classpath_entry C:\Users\ASUS\Downloads\android-docs-samples-master (3)\android-docs-samples-master\speech\Speech\app\build\intermediates\transforms\stackFramesFixer\debug\1.jar --classpath_entry C:\Users\ASUS\Downloads\android-docs-samples-master (3)\android-docs-samples-master\speech\Speech\app\build\intermediates\transforms\stackFramesFixer\debug\68.jar --classpath_entry C:\Users\ASUS\Downloads\android-docs-samples-master (3)\android-docs-samples-master\speech\Speech\app\build\intermediates\transforms\stackFramesFixer\debug\33.jar --classpath_entry C:\Users\ASUS\Downloads\android-docs-samples-master (3)\android-docs-samples-master\speech\Speech\app\build\intermediates\transforms\stackFramesFixer\debug\76.jar --classpath_entry C:\Users\ASUS\Downloads\android-docs-samples-master (3)\android-docs-samples-master\speech\Speech\app\build\intermediates\transforms\stackFramesFixer\debug\41.jar --classpath_entry C:\Users\ASUS\Downloads\android-docs-samples-master (3)\android-docs-samples-master\speech\Speech\app\build\intermediates\transforms\stackFramesFixer\debug\69.jar --clas
java_class_path (initial): C:\Users\ASUS\AppData\Local\Temp\desugar_deploy.jar74019729895484453
Launcher Type: SUN_STANDARD

Environment Variables:
JAVA_HOME=C:\Program Files\Java\jdk1.8.0_181
USERNAME=ASUS
OS=Windows_NT
PROCESSOR_IDENTIFIER=Intel64 Family 6 Model 61 Stepping 4, GenuineIntel



---------------  S Y S T E M  ---------------

OS: Windows 10.0 , 64 bit Build 17134 (10.0.17134.753)

CPU:total 4 (initial active 4) (2 cores per cpu, 2 threads per core) family 6 model 61 stepping 4, cmov, cx8, fxsr, mmx, sse, sse2, sse3, ssse3, sse4.1, sse4.2, popcnt, avx, avx2, aes, clmul, erms, 3dnowpref, lzcnt, ht, tsc, tscinvbit, bmi1, bmi2, adx

Memory: 4k page, physical 8285544k(906128k free), swap 11357544k(5248k free)

vm_info: OpenJDK 64-Bit Server VM (25.152-b01) for windows-amd64 JRE (1.8.0_152-release-915-b01), built by "builder" with MS VC++ 10.0 (VS2010)

time: Tue Jun 11 00:17:40 2019
elapsed time: 0 seconds (0d 0h 0m 0s)

